<?xml version="1.0" encoding="UTF-8"?>
<testsuites name="Mocha Tests" time="15.5510" tests="5" failures="0">
  <testsuite name="Root Suite" timestamp="2021-01-25T14:21:26" tests="0" file="cypress\integration\firstTest.spec.js" time="0.0000" failures="0">
  </testsuite>
  <testsuite name="Test with backend" timestamp="2021-01-25T14:21:26" tests="5" time="15.5510" failures="0">
    <testcase name="Test with backend VERIFY CORRECT REQUEST AMD RESPONSE" time="4.7270" classname="VERIFY CORRECT REQUEST AMD RESPONSE">
    </testcase>
    <testcase name="Test with backend intercepting and modifying the request and response" time="3.1960" classname="intercepting and modifying the request and response">
    </testcase>
    <testcase name="Test with backend should gave tags with routing object" time="1.5630" classname="should gave tags with routing object">
    </testcase>
    <testcase name="Test with backend verify global feed likes count" time="1.6710" classname="verify global feed likes count">
    </testcase>
    <testcase name="Test with backend delete a new article in a global feed" time="4.3940" classname="delete a new article in a global feed">
    </testcase>
  </testsuite>
</testsuites>